C:\ppm8-dev\app>propel-gen
Buildfile: C:\php5\pear\data\propel_generator\pear-build.xml
[resolvepath] Resolved  to C:\ppm8-dev\app

propel-project-builder > projdircheckExists:


propel-project-builder > projdircheck:


propel-project-builder > configure:

     [echo] Loading project-specific props from /build.properties
 [property] Loading C:\ppm8-dev\app\build.properties

propel-project-builder > main:

    [phing] Calling Buildfile 'C:\php5\pear\data\propel_generator\build-propel.x
ml' with target 'main'
 [property] Loading C:\php5\pear\data\propel_generator\.\build.properties
 [property] Loading C:\php5\pear\data\propel_generator\.\default.properties

propel > mysqli-check:


propel > main:

[phingcall] Calling Buildfile 'C:\php5\pear\data\propel_generator\build-propel.x
ml' with target 'sql'
 [property] Loading C:\php5\pear\data\propel_generator\.\build.properties
 [property] Loading C:\php5\pear\data\propel_generator\.\default.properties

propel > check-run-only-on-schema-change:


propel > sql-check:


propel > pgsql-quoting-check:


propel > mysqli-check:


propel > sql:

     [echo] +------------------------------------------+
     [echo] |                                          |
     [echo] | Generating SQL for YOUR Propel project!  |
     [echo] |                                          |
     [echo] +------------------------------------------+
[phingcall] Calling Buildfile 'C:\php5\pear\data\propel_generator\build-propel.x
ml' with target 'sql-template'
 [property] Loading C:\php5\pear\data\propel_generator\.\build.properties
 [property] Loading C:\php5\pear\data\propel_generator\.\default.properties

propel > sql-template:

[propel-sql] Processing: schema.xml
[propel-sql] Writing to SQL file: C:\ppm8-dev\app\db\sql\schema.sql
[propel-sql]    + channel [builder: MysqlDDLBuilder]
[propel-sql]    + dispute [builder: MysqlDDLBuilder]
[propel-sql]    + dispute_entry [builder: MysqlDDLBuilder]
[propel-sql]    + event [builder: MysqlDDLBuilder]
[propel-sql]    + institution [builder: MysqlDDLBuilder]
[propel-sql]    + instructors [builder: MysqlDDLBuilder]
[propel-sql]    + project [builder: MysqlDDLBuilder]
[propel-sql]    + student [builder: MysqlDDLBuilder]
[propel-sql]    + student_x_project [builder: MysqlDDLBuilder]
[propel-sql]    + user [builder: MysqlDDLBuilder]
[propel-sql]    + workpace_x_project [builder: MysqlDDLBuilder]
[propel-sql]    + workspace [builder: MysqlDDLBuilder]
[propel-sql]    + workspace_share [builder: MysqlDDLBuilder]
[phingcall] Calling Buildfile 'C:\php5\pear\data\propel_generator\build-propel.x
ml' with target 'om'
 [property] Loading C:\php5\pear\data\propel_generator\.\build.properties
 [property] Loading C:\php5\pear\data\propel_generator\.\default.properties

propel > check-run-only-on-schema-change:


propel > om-check:


propel > mysqli-check:


propel > om:

     [echo] +------------------------------------------+
     [echo] |                                          |
     [echo] | Generating Peer-based Object Model for   |
     [echo] | YOUR Propel project!                     |
     [echo] |                                          |
     [echo] +------------------------------------------+
[phingcall] Calling Buildfile 'C:\php5\pear\data\propel_generator\build-propel.x
ml' with target 'om-template'
 [property] Loading C:\php5\pear\data\propel_generator\.\build.properties
 [property] Loading C:\php5\pear\data\propel_generator\.\default.properties

propel > om-template:

[propel-om] Processing: schema.xml
[propel-om] Processing Datamodel : schema.xml
[propel-om]   - processing database : infinitymetricsm201
[propel-om]     + channel
[propel-om]             -> BaseChannelPeer [builder: PHP5PeerBuilder]
[propel-om]             -> BaseChannel [builder: PHP5ObjectBuilder]
[propel-om]             -> ChannelMapBuilder [builder: PHP5MapBuilderBuilder]
[propel-om]             -> ChannelPeer [builder: PHP5ExtensionPeerBuilder]
[propel-om]             -> Channel [builder: PHP5ExtensionObjectBuilder]
[propel-om]     + dispute
[propel-om]             -> BaseDisputePeer [builder: PHP5PeerBuilder]
[propel-om]             -> BaseDispute [builder: PHP5ObjectBuilder]
[propel-om]             -> DisputeMapBuilder [builder: PHP5MapBuilderBuilder]
[propel-om]             -> DisputePeer [builder: PHP5ExtensionPeerBuilder]
[propel-om]             -> Dispute [builder: PHP5ExtensionObjectBuilder]
[propel-om]     + dispute_entry
[propel-om]             -> BaseDisputeEntryPeer [builder: PHP5PeerBuilder]
[propel-om]             -> BaseDisputeEntry [builder: PHP5ObjectBuilder]
[propel-om]             -> DisputeEntryMapBuilder [builder: PHP5MapBuilderBuilde
r]
[propel-om]             -> DisputeEntryPeer [builder: PHP5ExtensionPeerBuilder]
[propel-om]             -> DisputeEntry [builder: PHP5ExtensionObjectBuilder]
[propel-om]     + event
[propel-om]             -> BaseEventPeer [builder: PHP5PeerBuilder]
[propel-om]             -> BaseEvent [builder: PHP5ObjectBuilder]
[propel-om]             -> EventMapBuilder [builder: PHP5MapBuilderBuilder]
[propel-om]             -> EventPeer [builder: PHP5ExtensionPeerBuilder]
[propel-om]             -> Event [builder: PHP5ExtensionObjectBuilder]
[propel-om]     + institution
[propel-om]             -> BaseInstitutionPeer [builder: PHP5PeerBuilder]
[propel-om]             -> BaseInstitution [builder: PHP5ObjectBuilder]
[propel-om]             -> InstitutionMapBuilder [builder: PHP5MapBuilderBuilder
]
[propel-om]             -> InstitutionPeer [builder: PHP5ExtensionPeerBuilder]
[propel-om]             -> Institution [builder: PHP5ExtensionObjectBuilder]
[propel-om]     + instructors
[propel-om]             -> BaseInstructorsPeer [builder: PHP5PeerBuilder]
[propel-om]             -> BaseInstructors [builder: PHP5ObjectBuilder]
[propel-om]             -> InstructorsMapBuilder [builder: PHP5MapBuilderBuilder
]
[propel-om]             -> InstructorsPeer [builder: PHP5ExtensionPeerBuilder]
[propel-om]             -> Instructors [builder: PHP5ExtensionObjectBuilder]
[propel-om]     + project
[propel-om]             -> BaseProjectPeer [builder: PHP5PeerBuilder]
[propel-om]             -> BaseProject [builder: PHP5ObjectBuilder]
[propel-om]             -> ProjectMapBuilder [builder: PHP5MapBuilderBuilder]
[propel-om]             -> ProjectPeer [builder: PHP5ExtensionPeerBuilder]
[propel-om]             -> Project [builder: PHP5ExtensionObjectBuilder]
[propel-om]     + student
[propel-om]             -> BaseStudentPeer [builder: PHP5PeerBuilder]
[propel-om]             -> BaseStudent [builder: PHP5ObjectBuilder]
[propel-om]             -> StudentMapBuilder [builder: PHP5MapBuilderBuilder]
[propel-om]             -> StudentPeer [builder: PHP5ExtensionPeerBuilder]
[propel-om]             -> Student [builder: PHP5ExtensionObjectBuilder]
[propel-om]     + student_x_project
[propel-om]             -> BaseStudentXProjectPeer [builder: PHP5PeerBuilder]
[propel-om]             -> BaseStudentXProject [builder: PHP5ObjectBuilder]
[propel-om]             -> StudentXProjectMapBuilder [builder: PHP5MapBuilderBui
lder]
[propel-om]             -> StudentXProjectPeer [builder: PHP5ExtensionPeerBuilde
r]
[propel-om]             -> StudentXProject [builder: PHP5ExtensionObjectBuilder]

[propel-om]     + user
[propel-om]             -> BaseUserPeer [builder: PHP5PeerBuilder]
[propel-om]             -> BaseUser [builder: PHP5ObjectBuilder]
[propel-om]             -> UserMapBuilder [builder: PHP5MapBuilderBuilder]
[propel-om]             -> UserPeer [builder: PHP5ExtensionPeerBuilder]
[propel-om]             -> User [builder: PHP5ExtensionObjectBuilder]
[propel-om]     + workpace_x_project
[propel-om]             -> BaseWorkpaceXProjectPeer [builder: PHP5PeerBuilder]
[propel-om]             -> BaseWorkpaceXProject [builder: PHP5ObjectBuilder]
[propel-om]             -> WorkpaceXProjectMapBuilder [builder: PHP5MapBuilderBu
ilder]
[propel-om]             -> WorkpaceXProjectPeer [builder: PHP5ExtensionPeerBuild
er]
[propel-om]             -> WorkpaceXProject [builder: PHP5ExtensionObjectBuilder
]
[propel-om]     + workspace
[propel-om]             -> BaseWorkspacePeer [builder: PHP5PeerBuilder]
[propel-om]             -> BaseWorkspace [builder: PHP5ObjectBuilder]
[propel-om]             -> WorkspaceMapBuilder [builder: PHP5MapBuilderBuilder]
[propel-om]             -> WorkspacePeer [builder: PHP5ExtensionPeerBuilder]
[propel-om]             -> Workspace [builder: PHP5ExtensionObjectBuilder]
[propel-om]     + workspace_share
[propel-om]             -> BaseWorkspaceSharePeer [builder: PHP5PeerBuilder]
[propel-om]             -> BaseWorkspaceShare [builder: PHP5ObjectBuilder]
[propel-om]             -> WorkspaceShareMapBuilder [builder: PHP5MapBuilderBuil
der]
[propel-om]             -> WorkspaceSharePeer [builder: PHP5ExtensionPeerBuilder
]
[propel-om]             -> WorkspaceShare [builder: PHP5ExtensionObjectBuilder]
[phingcall] Calling Buildfile 'C:\php5\pear\data\propel_generator\build-propel.x
ml' with target 'convert-conf'
 [property] Loading C:\php5\pear\data\propel_generator\.\build.properties
 [property] Loading C:\php5\pear\data\propel_generator\.\default.properties

propel > convert-conf:

     [echo] +------------------------------------------+
     [echo] |                                          |
     [echo] | Converting runtime config file to an     |
     [echo] | array dump for improved performance.     |
     [echo] |                                          |
     [echo] +------------------------------------------+
     [echo] Output file: infinitymetrics-conf.php
     [echo] XMLFile: C:\ppm8-dev\app/runtime-conf.xml
Execution of target "convert-conf" failed for the following reason: C:\php5\pear
\data\propel_generator\build-propel.xml:514:20: No valid xmlConfFile specified.
[phingcall] C:\php5\pear\data\propel_generator\build-propel.xml:514:20: No valid
 xmlConfFile specified.

BUILD FINISHED

Total time: 25.8604 seconds